2022.10.29 15:18:21 INFO  tracing is disabled for protocol LSP, to enable tracing of incoming and outgoing JSON messages create an empty file at /Users/albertfares/ML_MUSIC/.metals/lsp.trace.json or /Users/albertfares/Library/Caches/org.scalameta.metals/lsp.trace.json
2022.10.29 15:18:21 INFO  logging to file /Users/albertfares/ML_MUSIC/.metals/metals.log
2022.10.29 15:18:21 INFO  Started: Metals version 0.11.9 in workspace '/Users/albertfares/ML_MUSIC' for client Visual Studio Code 1.71.2.
2022.10.29 15:18:22 INFO  time: initialize in 0.7s
2022.10.29 15:18:23 WARN  Build server is not auto-connectable.
2022.10.29 15:18:26 INFO  running '/Users/albertfares/Library/Java/JavaVirtualMachines/temurin-17.0.2/Contents/Home/bin/java -Djline.terminal=jline.UnsupportedTerminal -Dsbt.log.noformat=true -Dfile.encoding=UTF-8 -jar /var/folders/hg/q3n04h1100gf7xcnql4x3kd40000gn/T/metals13595716336627965095/sbt-launch.jar -Dbloop.export-jar-classifiers=sources bloopInstall'
2022.10.29 15:18:26 WARN  no build target for: /Users/albertfares/ML_MUSIC/project/metals.sbt
2022.10.29 15:18:26 WARN  no build target for: /Users/albertfares/ML_MUSIC/project/project/metals.sbt
2022.10.29 15:18:26 INFO  skipping build import with status 'Started'
2022.10.29 15:18:26 INFO  [info] welcome to sbt 1.7.1 (Eclipse Adoptium Java 17.0.2)
2022.10.29 15:18:28 INFO  [info] loading settings for project ml_music-build-build from metals.sbt ...
2022.10.29 15:18:28 INFO  no build target found for /Users/albertfares/ML_MUSIC/project/project/metals.sbt. Using presentation compiler with project's scala-library version: 3.2.0
2022.10.29 15:18:28 INFO  [info] loading project definition from /Users/albertfares/ML_MUSIC/project/project
2022.10.29 15:18:29 INFO  user cancelled sbt bloopInstall
2022.10.29 15:18:29 INFO  time: ran 'sbt bloopInstall' in 3.84s
2022.10.29 17:15:22 INFO  shutting down Metals
2022.11.04 08:14:38 INFO  tracing is disabled for protocol LSP, to enable tracing of incoming and outgoing JSON messages create an empty file at /Users/albertfares/ML_MUSIC/.metals/lsp.trace.json or /Users/albertfares/Library/Caches/org.scalameta.metals/lsp.trace.json
2022.11.04 08:14:38 INFO  logging to file /Users/albertfares/ML_MUSIC/.metals/metals.log
2022.11.04 08:14:38 INFO  Started: Metals version 0.11.9 in workspace '/Users/albertfares/ML_MUSIC' for client Visual Studio Code 1.71.2.
2022.11.04 08:14:39 INFO  time: initialize in 0.72s
2022.11.04 08:14:39 WARN  Build server is not auto-connectable.
2022.11.04 08:14:39 INFO  skipping build import with status 'Cancelled'
Nov 04, 2022 8:46:56 AM org.eclipse.lsp4j.jsonrpc.services.GenericEndpoint notify
INFO: Unsupported notification method: $/setTrace
2022.11.04 10:04:05 INFO  shutting down Metals
2022.11.04 10:04:16 INFO  tracing is disabled for protocol LSP, to enable tracing of incoming and outgoing JSON messages create an empty file at /Users/albertfares/ML_MUSIC/.metals/lsp.trace.json or /Users/albertfares/Library/Caches/org.scalameta.metals/lsp.trace.json
2022.11.04 10:04:16 INFO  logging to file /Users/albertfares/ML_MUSIC/.metals/metals.log
2022.11.04 10:04:16 INFO  Started: Metals version 0.11.9 in workspace '/Users/albertfares/ML_MUSIC' for client Visual Studio Code 1.71.2.
2022.11.04 10:04:17 INFO  time: initialize in 0.62s
2022.11.04 10:04:18 WARN  Build server is not auto-connectable.
2022.11.04 10:04:17 INFO  skipping build import with status 'Cancelled'
2022.11.04 10:16:56 INFO  shutting down Metals
2022.11.04 10:18:27 INFO  tracing is disabled for protocol LSP, to enable tracing of incoming and outgoing JSON messages create an empty file at /Users/albertfares/ML_MUSIC/.metals/lsp.trace.json or /Users/albertfares/Library/Caches/org.scalameta.metals/lsp.trace.json
2022.11.04 10:18:27 INFO  logging to file /Users/albertfares/ML_MUSIC/.metals/metals.log
2022.11.04 10:18:27 INFO  Started: Metals version 0.11.9 in workspace '/Users/albertfares/ML_MUSIC' for client Visual Studio Code 1.71.2.
2022.11.04 10:18:28 INFO  time: initialize in 0.66s
2022.11.04 10:18:29 WARN  Build server is not auto-connectable.
2022.11.04 10:18:28 INFO  skipping build import with status 'Cancelled'
2022.11.04 10:19:22 INFO  shutting down Metals
2022.11.04 13:24:23 INFO  tracing is disabled for protocol LSP, to enable tracing of incoming and outgoing JSON messages create an empty file at /Users/albertfares/ML_MUSIC/.metals/lsp.trace.json or /Users/albertfares/Library/Caches/org.scalameta.metals/lsp.trace.json
2022.11.04 13:24:23 INFO  logging to file /Users/albertfares/ML_MUSIC/.metals/metals.log
2022.11.04 13:24:23 INFO  Started: Metals version 0.11.9 in workspace '/Users/albertfares/ML_MUSIC' for client Visual Studio Code 1.71.2.
2022.11.04 13:24:24 INFO  time: initialize in 0.69s
2022.11.04 13:24:25 WARN  Build server is not auto-connectable.
2022.11.04 13:24:25 INFO  skipping build import with status 'Cancelled'
2022.11.04 13:24:32 INFO  shutting down Metals
2022.11.04 17:27:10 INFO  tracing is disabled for protocol LSP, to enable tracing of incoming and outgoing JSON messages create an empty file at /Users/albertfares/ML_MUSIC/.metals/lsp.trace.json or /Users/albertfares/Library/Caches/org.scalameta.metals/lsp.trace.json
2022.11.04 17:27:10 INFO  logging to file /Users/albertfares/ML_MUSIC/.metals/metals.log
2022.11.04 17:27:10 INFO  Started: Metals version 0.11.9 in workspace '/Users/albertfares/ML_MUSIC' for client Visual Studio Code 1.71.2.
2022.11.04 17:27:11 INFO  time: initialize in 0.66s
2022.11.04 17:27:12 WARN  Build server is not auto-connectable.
2022.11.04 17:27:12 INFO  skipping build import with status 'Cancelled'
2022.11.05 15:49:36 INFO  tracing is disabled for protocol LSP, to enable tracing of incoming and outgoing JSON messages create an empty file at c:\Users\assel\ML_MUSIC\.metals\lsp.trace.json or C:\Users\assel\AppData\Local\scalameta\metals\cache\lsp.trace.json
2022.11.05 15:49:38 INFO  logging to file C:\Users\assel\ML_MUSIC\.metals\metals.log
2022.11.05 15:49:38 INFO  Started: Metals version 0.11.9 in workspace 'C:\Users\assel\ML_MUSIC' for client Visual Studio Code 1.73.0.
2022.11.05 15:49:43 INFO  time: initialize in 5.5s
2022.11.05 15:49:45 WARN  Build server is not auto-connectable.
2022.11.05 16:46:13 INFO  shutting down Metals
2022.11.10 14:48:12 INFO  tracing is disabled for protocol LSP, to enable tracing of incoming and outgoing JSON messages create an empty file at c:\Users\assel\ML_MUSIC\.metals\lsp.trace.json or C:\Users\assel\AppData\Local\scalameta\metals\cache\lsp.trace.json
2022.11.10 14:48:16 INFO  logging to file C:\Users\assel\ML_MUSIC\.metals\metals.log
2022.11.10 14:48:16 INFO  Started: Metals version 0.11.9 in workspace 'C:\Users\assel\ML_MUSIC' for client Visual Studio Code 1.73.0.
2022.11.10 14:48:18 INFO  time: initialize in 2.33s
2022.11.10 14:48:21 WARN  Build server is not auto-connectable.
2022.11.10 19:58:30 INFO  shutting down Metals
2022.11.11 08:58:16 INFO  tracing is disabled for protocol LSP, to enable tracing of incoming and outgoing JSON messages create an empty file at c:\Users\assel\ML_MUSIC\.metals\lsp.trace.json or C:\Users\assel\AppData\Local\scalameta\metals\cache\lsp.trace.json
2022.11.11 08:58:18 INFO  logging to file C:\Users\assel\ML_MUSIC\.metals\metals.log
2022.11.11 08:58:18 INFO  Started: Metals version 0.11.9 in workspace 'C:\Users\assel\ML_MUSIC' for client Visual Studio Code 1.73.1.
2022.11.11 08:58:20 INFO  time: initialize in 2.03s
2022.11.11 08:58:23 WARN  Build server is not auto-connectable.
2022.11.11 10:17:56 INFO  shutting down Metals
2022.11.11 17:16:57 INFO  tracing is disabled for protocol LSP, to enable tracing of incoming and outgoing JSON messages create an empty file at c:\Users\assel\ML_MUSIC\.metals\lsp.trace.json or C:\Users\assel\AppData\Local\scalameta\metals\cache\lsp.trace.json
2022.11.11 17:16:58 INFO  logging to file C:\Users\assel\ML_MUSIC\.metals\metals.log
2022.11.11 17:16:58 INFO  Started: Metals version 0.11.9 in workspace 'C:\Users\assel\ML_MUSIC' for client Visual Studio Code 1.73.1.
2022.11.11 17:17:01 INFO  time: initialize in 2.3s
2022.11.11 17:17:03 WARN  Build server is not auto-connectable.
2022.11.11 17:17:05 INFO  running 'C:\Program Files\Eclipse Adoptium\jdk-17.0.2.8-hotspot\bin\java -Djline.terminal=jline.UnsupportedTerminal -Dsbt.log.noformat=true -Dfile.encoding=UTF-8 -jar C:\Users\assel\AppData\Local\Temp\metals5306057518309526651\sbt-launch.jar -Dbloop.export-jar-classifiers=sources bloopInstall'
2022.11.11 17:17:08 INFO  [info] welcome to sbt 1.7.1 (Eclipse Adoptium Java 17.0.2)
2022.11.11 17:17:11 INFO  [info] loading settings for project ml_music-build-build from metals.sbt ...
2022.11.11 17:17:11 INFO  [info] loading project definition from C:\Users\assel\ML_MUSIC\project\project
2022.11.11 17:17:16 INFO  [info] loading settings for project ml_music-build from metals.sbt ...
2022.11.11 17:17:16 INFO  [info] loading project definition from C:\Users\assel\ML_MUSIC\project
2022.11.11 17:17:23 INFO  [success] Generated .bloop\ml_music-build.json
2022.11.11 17:17:23 INFO  [success] Total time: 7 s, completed 11 nov. 2022, 17:17:24
2022.11.11 17:17:23 INFO  [info] set current project to ml_music (in build file:/C:/Users/assel/ML_MUSIC/)
2022.11.11 17:17:24 INFO  [success] Generated .bloop\ml_music-test.json
2022.11.11 17:17:24 INFO  [success] Generated .bloop\ml_music.json
2022.11.11 17:17:24 INFO  [success] Total time: 0 s, completed 11 nov. 2022, 17:17:24
2022.11.11 17:17:25 INFO  time: ran 'sbt bloopInstall' in 19s
2022.11.11 17:17:25 INFO  Attempting to connect to the build server...
2022.11.11 17:17:25 INFO  Bloop uses C:\Program Files\Eclipse Adoptium\jdk-17.0.2.8-hotspot defined at C:\Users\assel\.bloop\bloop.json
2022.11.11 17:17:34 INFO  tracing is disabled for protocol BSP, to enable tracing of incoming and outgoing JSON messages create an empty file at C:\Users\assel\ML_MUSIC\.metals\bsp.trace.json or C:\Users\assel\AppData\Local\scalameta\metals\cache\bsp.trace.json
2022.11.11 17:17:34 INFO  Attempting to connect to the build server...
2022.11.11 17:17:34 INFO  Bloop uses C:\Program Files\Eclipse Adoptium\jdk-17.0.2.8-hotspot defined at C:\Users\assel\.bloop\bloop.json
2022.11.11 17:17:34 INFO  tracing is disabled for protocol BSP, to enable tracing of incoming and outgoing JSON messages create an empty file at C:\Users\assel\ML_MUSIC\project\.metals\bsp.trace.json or C:\Users\assel\AppData\Local\scalameta\metals\cache\bsp.trace.json
2022.11.11 17:17:34 INFO  time: Connected to build server in 9.91s
2022.11.11 17:17:34 INFO  Connected to Build server: Bloop v1.5.4
2022.11.11 17:17:35 INFO  time: Imported build in 0.21s
2022.11.11 17:17:46 INFO  time: indexed workspace in 10s
2022.11.11 22:25:40 INFO  shutting down Metals
2022.11.11 22:27:27 INFO  tracing is disabled for protocol LSP, to enable tracing of incoming and outgoing JSON messages create an empty file at c:\Users\assel\ML_MUSIC\.metals\lsp.trace.json or C:\Users\assel\AppData\Local\scalameta\metals\cache\lsp.trace.json
2022.11.11 22:27:29 INFO  logging to file C:\Users\assel\ML_MUSIC\.metals\metals.log
2022.11.11 22:27:29 INFO  Started: Metals version 0.11.9 in workspace 'C:\Users\assel\ML_MUSIC' for client Visual Studio Code 1.73.1.
2022.11.11 22:27:34 INFO  time: initialize in 4.94s
2022.11.11 22:27:37 INFO  Attempting to connect to the build server...
2022.11.11 22:27:37 INFO  Bloop uses C:\Program Files\Eclipse Adoptium\jdk-17.0.2.8-hotspot defined at C:\Users\assel\.bloop\bloop.json
2022.11.11 22:27:37 INFO  skipping build import with status 'Installed'
2022.11.11 22:27:37 INFO  tracing is disabled for protocol BSP, to enable tracing of incoming and outgoing JSON messages create an empty file at C:\Users\assel\ML_MUSIC\.metals\bsp.trace.json or C:\Users\assel\AppData\Local\scalameta\metals\cache\bsp.trace.json
2022.11.11 22:27:37 INFO  Attempting to connect to the build server...
2022.11.11 22:27:37 INFO  Bloop uses C:\Program Files\Eclipse Adoptium\jdk-17.0.2.8-hotspot defined at C:\Users\assel\.bloop\bloop.json
2022.11.11 22:27:37 INFO  tracing is disabled for protocol BSP, to enable tracing of incoming and outgoing JSON messages create an empty file at C:\Users\assel\ML_MUSIC\project\.metals\bsp.trace.json or C:\Users\assel\AppData\Local\scalameta\metals\cache\bsp.trace.json
2022.11.11 22:27:37 INFO  time: Connected to build server in 0.59s
2022.11.11 22:27:37 INFO  Connected to Build server: Bloop v1.5.4
2022.11.11 22:27:38 INFO  time: Imported build in 0.24s
2022.11.11 22:27:43 INFO  time: indexed workspace in 5.1s
2022.11.11 22:27:48 INFO  shutting down Metals
2022.11.11 22:27:48 INFO  Shut down connection with build server.
2022.11.11 22:27:48 INFO  Shut down connection with build server.
2022.11.11 22:38:10 INFO  tracing is disabled for protocol LSP, to enable tracing of incoming and outgoing JSON messages create an empty file at c:\Users\assel\ML_MUSIC\.metals\lsp.trace.json or C:\Users\assel\AppData\Local\scalameta\metals\cache\lsp.trace.json
2022.11.11 22:38:12 INFO  logging to file C:\Users\assel\ML_MUSIC\.metals\metals.log
2022.11.11 22:38:12 INFO  Started: Metals version 0.11.9 in workspace 'C:\Users\assel\ML_MUSIC' for client Visual Studio Code 1.73.1.
2022.11.11 22:38:17 INFO  time: initialize in 5.25s
2022.11.11 22:38:19 INFO  Attempting to connect to the build server...
2022.11.11 22:38:19 INFO  Bloop uses C:\Program Files\Eclipse Adoptium\jdk-17.0.2.8-hotspot defined at C:\Users\assel\.bloop\bloop.json
2022.11.11 22:38:19 INFO  skipping build import with status 'Installed'
2022.11.11 22:38:19 INFO  tracing is disabled for protocol BSP, to enable tracing of incoming and outgoing JSON messages create an empty file at C:\Users\assel\ML_MUSIC\.metals\bsp.trace.json or C:\Users\assel\AppData\Local\scalameta\metals\cache\bsp.trace.json
2022.11.11 22:38:19 INFO  Attempting to connect to the build server...
2022.11.11 22:38:19 INFO  Bloop uses C:\Program Files\Eclipse Adoptium\jdk-17.0.2.8-hotspot defined at C:\Users\assel\.bloop\bloop.json
2022.11.11 22:38:19 INFO  tracing is disabled for protocol BSP, to enable tracing of incoming and outgoing JSON messages create an empty file at C:\Users\assel\ML_MUSIC\project\.metals\bsp.trace.json or C:\Users\assel\AppData\Local\scalameta\metals\cache\bsp.trace.json
2022.11.11 22:38:19 INFO  time: Connected to build server in 0.28s
2022.11.11 22:38:19 INFO  Connected to Build server: Bloop v1.5.4
2022.11.11 22:38:19 INFO  time: Imported build in 0.12s
2022.11.11 22:38:24 INFO  time: indexed workspace in 4.56s
2022.11.11 22:48:29 INFO  shutting down Metals
2022.11.11 22:48:29 INFO  Shut down connection with build server.
2022.11.11 22:48:29 INFO  Shut down connection with build server.
2022.11.12 18:29:16 INFO  tracing is disabled for protocol LSP, to enable tracing of incoming and outgoing JSON messages create an empty file at c:\Users\assel\ML_MUSIC\.metals\lsp.trace.json or C:\Users\assel\AppData\Local\scalameta\metals\cache\lsp.trace.json
2022.11.12 18:29:17 INFO  logging to file C:\Users\assel\ML_MUSIC\.metals\metals.log
2022.11.12 18:29:17 INFO  Started: Metals version 0.11.9 in workspace 'C:\Users\assel\ML_MUSIC' for client Visual Studio Code 1.73.1.
2022.11.12 18:29:18 INFO  time: initialize in 1.7s
2022.11.12 18:29:21 INFO  Attempting to connect to the build server...
2022.11.12 18:29:21 INFO  Bloop uses C:\Program Files\Eclipse Adoptium\jdk-17.0.2.8-hotspot defined at C:\Users\assel\.bloop\bloop.json
2022.11.12 18:29:21 INFO  skipping build import with status 'Installed'
2022.11.12 18:29:36 INFO  tracing is disabled for protocol BSP, to enable tracing of incoming and outgoing JSON messages create an empty file at C:\Users\assel\ML_MUSIC\.metals\bsp.trace.json or C:\Users\assel\AppData\Local\scalameta\metals\cache\bsp.trace.json
2022.11.12 18:29:37 INFO  Attempting to connect to the build server...
2022.11.12 18:29:37 INFO  Bloop uses C:\Program Files\Eclipse Adoptium\jdk-17.0.2.8-hotspot defined at C:\Users\assel\.bloop\bloop.json
2022.11.12 18:29:37 INFO  tracing is disabled for protocol BSP, to enable tracing of incoming and outgoing JSON messages create an empty file at C:\Users\assel\ML_MUSIC\project\.metals\bsp.trace.json or C:\Users\assel\AppData\Local\scalameta\metals\cache\bsp.trace.json
2022.11.12 18:29:37 INFO  time: Connected to build server in 16s
2022.11.12 18:29:37 INFO  Connected to Build server: Bloop v1.5.4
2022.11.12 18:29:37 INFO  time: Imported build in 0.24s
2022.11.12 18:29:48 INFO  shutting down Metals
2022.11.12 18:29:48 INFO  Shut down connection with build server.
2022.11.12 18:29:48 INFO  Shut down connection with build server.
2022.12.11 13:52:43 INFO  tracing is disabled for protocol LSP, to enable tracing of incoming and outgoing JSON messages create an empty file at c:\Users\assel\DOCUMENTS\13-EPFL BA3\Introduction to ML\Projet\ML_MUSIC\.metals\lsp.trace.json or C:\Users\assel\AppData\Local\scalameta\metals\cache\lsp.trace.json
2022.12.11 13:52:45 INFO  logging to file C:\Users\assel\DOCUMENTS\13-EPFL BA3\Introduction to ML\Projet\ML_MUSIC\.metals\metals.log
2022.12.11 13:52:45 INFO  Started: Metals version 0.11.9 in workspace 'C:\Users\assel\DOCUMENTS\13-EPFL BA3\Introduction to ML\Projet\ML_MUSIC' for client Visual Studio Code 1.74.0.
2022.12.11 13:52:47 INFO  time: initialize in 2.54s
2022.12.11 13:52:50 INFO  Attempting to connect to the build server...
2022.12.11 13:52:50 INFO  Bloop uses C:\Program Files\Eclipse Adoptium\jdk-17.0.2.8-hotspot defined at C:\Users\assel\.bloop\bloop.json
2022.12.11 13:53:02 INFO  tracing is disabled for protocol BSP, to enable tracing of incoming and outgoing JSON messages create an empty file at C:\Users\assel\DOCUMENTS\13-EPFL BA3\Introduction to ML\Projet\ML_MUSIC\.metals\bsp.trace.json or C:\Users\assel\AppData\Local\scalameta\metals\cache\bsp.trace.json
2022.12.11 13:53:02 INFO  Attempting to connect to the build server...
2022.12.11 13:53:02 INFO  Bloop uses C:\Program Files\Eclipse Adoptium\jdk-17.0.2.8-hotspot defined at C:\Users\assel\.bloop\bloop.json
2022.12.11 13:53:02 INFO  tracing is disabled for protocol BSP, to enable tracing of incoming and outgoing JSON messages create an empty file at C:\Users\assel\DOCUMENTS\13-EPFL BA3\Introduction to ML\Projet\ML_MUSIC\project\.metals\bsp.trace.json or C:\Users\assel\AppData\Local\scalameta\metals\cache\bsp.trace.json
2022.12.11 13:53:02 INFO  time: Connected to build server in 12s
2022.12.11 13:53:02 INFO  Connected to Build server: Bloop v1.5.4
2022.12.11 13:53:02 INFO  time: Imported build in 0.28s
2022.12.11 13:53:15 INFO  time: indexed workspace in 12s
2022.12.11 13:59:19 INFO  shutting down Metals
2022.12.11 13:59:19 INFO  Shut down connection with build server.
2022.12.11 13:59:19 INFO  Shut down connection with build server.
2022.12.11 13:59:38 INFO  tracing is disabled for protocol LSP, to enable tracing of incoming and outgoing JSON messages create an empty file at c:\Users\assel\DOCUMENTS\13-EPFL BA3\Introduction to ML\Projet\ML_MUSIC\.metals\lsp.trace.json or C:\Users\assel\AppData\Local\scalameta\metals\cache\lsp.trace.json
2022.12.11 13:59:40 INFO  logging to file C:\Users\assel\DOCUMENTS\13-EPFL BA3\Introduction to ML\Projet\ML_MUSIC\.metals\metals.log
2022.12.11 13:59:40 INFO  Started: Metals version 0.11.9 in workspace 'C:\Users\assel\DOCUMENTS\13-EPFL BA3\Introduction to ML\Projet\ML_MUSIC' for client Visual Studio Code 1.74.0.
2022.12.11 13:59:42 INFO  time: initialize in 1.92s
2022.12.11 13:59:44 INFO  Attempting to connect to the build server...
2022.12.11 13:59:44 INFO  Bloop uses C:\Program Files\Eclipse Adoptium\jdk-17.0.2.8-hotspot defined at C:\Users\assel\.bloop\bloop.json
2022.12.11 13:59:44 INFO  tracing is disabled for protocol BSP, to enable tracing of incoming and outgoing JSON messages create an empty file at C:\Users\assel\DOCUMENTS\13-EPFL BA3\Introduction to ML\Projet\ML_MUSIC\.metals\bsp.trace.json or C:\Users\assel\AppData\Local\scalameta\metals\cache\bsp.trace.json
2022.12.11 13:59:44 INFO  Attempting to connect to the build server...
2022.12.11 13:59:44 INFO  Bloop uses C:\Program Files\Eclipse Adoptium\jdk-17.0.2.8-hotspot defined at C:\Users\assel\.bloop\bloop.json
2022.12.11 13:59:44 INFO  tracing is disabled for protocol BSP, to enable tracing of incoming and outgoing JSON messages create an empty file at C:\Users\assel\DOCUMENTS\13-EPFL BA3\Introduction to ML\Projet\ML_MUSIC\project\.metals\bsp.trace.json or C:\Users\assel\AppData\Local\scalameta\metals\cache\bsp.trace.json
2022.12.11 13:59:44 INFO  time: Connected to build server in 0.32s
2022.12.11 13:59:44 INFO  Connected to Build server: Bloop v1.5.4
2022.12.11 13:59:44 INFO  time: Imported build in 0.11s
2022.12.11 13:59:48 INFO  time: indexed workspace in 3.75s
2022.12.14 13:15:34 INFO  tracing is disabled for protocol LSP, to enable tracing of incoming and outgoing JSON messages create an empty file at c:\Users\assel\DOCUMENTS\13-EPFL BA3\Introduction to ML\Projet\ML_MUSIC\.metals\lsp.trace.json or C:\Users\assel\AppData\Local\scalameta\metals\cache\lsp.trace.json
2022.12.14 13:15:35 INFO  logging to file C:\Users\assel\DOCUMENTS\13-EPFL BA3\Introduction to ML\Projet\ML_MUSIC\.metals\metals.log
2022.12.14 13:15:35 INFO  Started: Metals version 0.11.9 in workspace 'C:\Users\assel\DOCUMENTS\13-EPFL BA3\Introduction to ML\Projet\ML_MUSIC' for client Visual Studio Code 1.74.0.
2022.12.14 13:15:41 INFO  time: initialize in 5.82s
2022.12.14 13:15:43 INFO  Attempting to connect to the build server...
2022.12.14 13:15:43 INFO  Bloop uses C:\Program Files\Eclipse Adoptium\jdk-17.0.2.8-hotspot defined at C:\Users\assel\.bloop\bloop.json
2022.12.14 13:15:54 INFO  tracing is disabled for protocol BSP, to enable tracing of incoming and outgoing JSON messages create an empty file at C:\Users\assel\DOCUMENTS\13-EPFL BA3\Introduction to ML\Projet\ML_MUSIC\.metals\bsp.trace.json or C:\Users\assel\AppData\Local\scalameta\metals\cache\bsp.trace.json
2022.12.14 13:15:54 INFO  Attempting to connect to the build server...
2022.12.14 13:15:54 INFO  Bloop uses C:\Program Files\Eclipse Adoptium\jdk-17.0.2.8-hotspot defined at C:\Users\assel\.bloop\bloop.json
2022.12.14 13:15:54 INFO  tracing is disabled for protocol BSP, to enable tracing of incoming and outgoing JSON messages create an empty file at C:\Users\assel\DOCUMENTS\13-EPFL BA3\Introduction to ML\Projet\ML_MUSIC\project\.metals\bsp.trace.json or C:\Users\assel\AppData\Local\scalameta\metals\cache\bsp.trace.json
2022.12.14 13:15:54 INFO  time: Connected to build server in 12s
2022.12.14 13:15:54 INFO  Connected to Build server: Bloop v1.5.4
2022.12.14 13:15:55 INFO  time: Imported build in 0.28s
2022.12.14 13:16:08 INFO  time: indexed workspace in 12s
2022.12.14 13:19:00 INFO  
2022.12.14 13:19:00 INFO  Template applied in C:\Users\assel\DOCUMENTS\13-EPFL BA3\Introduction to ML\Projet\.\hello-world
2022.12.14 13:19:00 INFO  
2022.12.14 13:19:00 INFO  time: ran 'giter8.Giter8' in 6.85s
2022.12.14 13:19:53 INFO  shutting down Metals
2022.12.14 13:19:53 INFO  Shut down connection with build server.
2022.12.14 13:19:53 INFO  Shut down connection with build server.
2022.12.16 09:06:48 INFO  tracing is disabled for protocol LSP, to enable tracing of incoming and outgoing JSON messages create an empty file at c:\Users\assel\DOCUMENTS\13-EPFL BA3\Introduction to ML\Projet\ML_MUSIC\.metals\lsp.trace.json or C:\Users\assel\AppData\Local\scalameta\metals\cache\lsp.trace.json
2022.12.16 09:06:50 INFO  logging to file C:\Users\assel\DOCUMENTS\13-EPFL BA3\Introduction to ML\Projet\ML_MUSIC\.metals\metals.log
2022.12.19 10:56:13 INFO  tracing is disabled for protocol LSP, to enable tracing of incoming and outgoing JSON messages create an empty file at c:\Users\vasarinocode\Desktop\PYTHON\ML\ML_MUSIC\.metals\lsp.trace.json or C:\Users\vasarinocode\AppData\Local\scalameta\metals\cache\lsp.trace.json
2022.12.19 10:56:19 INFO  logging to file C:\Users\vasarinocode\Desktop\PYTHON\ML\ML_MUSIC\.metals\metals.log
2022.12.19 10:56:19 INFO  Started: Metals version 0.11.9 in workspace 'C:\Users\vasarinocode\Desktop\PYTHON\ML\ML_MUSIC' for client Visual Studio Code 1.74.1.
2022.12.19 10:56:32 INFO  time: initialize in 12s
2022.12.19 10:56:41 INFO  Attempting to connect to the build server...
2022.12.19 10:56:41 INFO  Bloop uses C:\Users\vasarinocode\.jabba\jdk\adopt@1.11.0-11 defined at C:\Users\vasarinocode\.bloop\bloop.json
2022.12.19 10:57:23 ERROR Starting the bsp launcher for bloop...
2022.12.19 10:57:23 ERROR Opening a bsp server connection with 'bsp --protocol tcp --port 19869'...
2022.12.19 10:57:23 ERROR Waiting for the bsp connection to come up...
2022.12.19 10:57:23 ERROR Waiting for the bsp connection to come up...
2022.12.19 10:57:23 ERROR Waiting for the bsp connection to come up...
2022.12.19 10:57:23 ERROR Waiting for the bsp connection to come up...
2022.12.19 10:57:23 ERROR Waiting for the bsp connection to come up...
2022.12.19 10:57:23 ERROR Waiting for the bsp connection to come up...
2022.12.19 10:57:23 ERROR Waiting for the bsp connection to come up...
2022.12.19 10:57:23 ERROR Waiting for the bsp connection to come up...
2022.12.19 10:57:23 ERROR Waiting for the bsp connection to come up...
2022.12.19 10:57:23 ERROR Waiting for the bsp connection to come up...
2022.12.19 10:57:23 ERROR Waiting for the bsp connection to come up...
2022.12.19 10:57:23 ERROR Waiting for the bsp connection to come up...
2022.12.19 10:57:23 ERROR Waiting for the bsp connection to come up...
2022.12.19 10:57:23 ERROR Waiting for the bsp connection to come up...
2022.12.19 10:57:23 ERROR Waiting for the bsp connection to come up...
2022.12.19 10:57:23 ERROR Waiting for the bsp connection to come up...
2022.12.19 10:57:23 ERROR Waiting for the bsp connection to come up...
2022.12.19 10:57:23 ERROR Waiting for the bsp connection to come up...
2022.12.19 10:57:23 ERROR Waiting for the bsp connection to come up...
2022.12.19 10:57:23 ERROR Waiting for the bsp connection to come up...
2022.12.19 10:57:23 ERROR Waiting for the bsp connection to come up...
2022.12.19 10:57:23 ERROR Waiting for the bsp connection to come up...
2022.12.19 10:57:23 ERROR Waiting for the bsp connection to come up...
2022.12.19 10:57:23 ERROR Waiting for the bsp connection to come up...
2022.12.19 10:57:23 ERROR Waiting for the bsp connection to come up...
2022.12.19 10:57:23 ERROR error: The command bsp --protocol tcp --port 19869 returned with an error
2022.12.19 10:57:23 ERROR > No server running at 127.0.0.1:8212, let's fire one...
2022.12.19 10:57:23 ERROR > Resolving ch.epfl.scala:bloop-frontend_2.12:1.5.4...
2022.12.19 10:57:23 ERROR > Attempting a connection to the server...
2022.12.19 10:57:23 ERROR > Starting bloop server at 127.0.0.1:8212...
2022.12.19 10:57:23 ERROR > Attempting a connection to the server...
2022.12.19 10:57:23 ERROR > Attempting a connection to the server...
2022.12.19 10:57:23 ERROR > Attempting a connection to the server...
2022.12.19 10:57:23 ERROR > Attempting a connection to the server...
2022.12.19 10:57:23 ERROR > [0m[32m[D][0m Loading workspace settings from bloop.settings.json
2022.12.19 10:57:23 ERROR > [0m[32m[D][0m Loading 2 projects from 'c:\Users\vasarinocode\Desktop\PYTHON\ML\ML_MUSIC\.bloop'...
2022.12.19 10:57:23 ERROR > [0m[32m[D][0m Loading project from 'c:\Users\vasarinocode\Desktop\PYTHON\ML\ML_MUSIC\.bloop\ml_music.json'
2022.12.19 10:57:23 ERROR > [0m[32m[D][0m Loading project from 'c:\Users\vasarinocode\Desktop\PYTHON\ML\ML_MUSIC\.bloop\ml_music-test.json'
2022.12.19 10:57:23 ERROR > [0m[33m[W][0m Scala instance jar C:\Users\assel\.sbt\boot\scala-2.12.16\lib\scala-library.jar doesn't exist!
2022.12.19 10:57:23 ERROR > [0m[33m[W][0m Scala instance jar C:\Users\assel\.sbt\boot\scala-2.12.16\lib\scala-library.jar doesn't exist!
2022.12.19 10:57:23 ERROR > [0m[33m[W][0m Scala instance jar C:\Users\assel\.sbt\boot\scala-2.12.16\lib\jline.jar doesn't exist!
2022.12.19 10:57:23 ERROR > [0m[33m[W][0m Scala instance jar C:\Users\assel\.sbt\boot\scala-2.12.16\lib\jline.jar doesn't exist!
2022.12.19 10:57:23 ERROR > [0m[33m[W][0m Scala instance jar C:\Users\assel\.sbt\boot\scala-2.12.16\lib\scala-compiler.jar doesn't exist!
2022.12.19 10:57:23 ERROR > [0m[33m[W][0m Scala instance jar C:\Users\assel\.sbt\boot\scala-2.12.16\lib\scala-compiler.jar doesn't exist!
2022.12.19 10:57:23 ERROR > [0m[33m[W][0m Scala instance jar C:\Users\assel\.sbt\boot\scala-2.12.16\lib\scala-reflect.jar doesn't exist!
2022.12.19 10:57:23 ERROR > [0m[33m[W][0m Scala instance jar C:\Users\assel\.sbt\boot\scala-2.12.16\lib\scala-reflect.jar doesn't exist!
2022.12.19 10:57:23 ERROR > [0m[33m[W][0m Scala instance jar C:\Users\assel\.sbt\boot\scala-2.12.16\lib\scala-xml_2.12.jar doesn't exist!
2022.12.19 10:57:23 ERROR > [0m[33m[W][0m Scala instance jar C:\Users\assel\.sbt\boot\scala-2.12.16\lib\scala-xml_2.12.jar doesn't exist!
2022.12.19 10:57:23 ERROR > [0m[32m[D][0m Cache miss for scala instance org.scala-lang:scala-compiler:2.12.16.
2022.12.19 10:57:23 ERROR > [0m[32m[D][0m   => C:\Users\assel\.sbt\boot\scala-2.12.16\lib\jline.jar
2022.12.19 10:57:23 ERROR > [0m[32m[D][0m   => C:\Users\assel\.sbt\boot\scala-2.12.16\lib\scala-compiler.jar
2022.12.19 10:57:23 ERROR > [0m[32m[D][0m   => C:\Users\assel\.sbt\boot\scala-2.12.16\lib\scala-library.jar
2022.12.19 10:57:23 ERROR > [0m[32m[D][0m   => C:\Users\assel\.sbt\boot\scala-2.12.16\lib\scala-reflect.jar
2022.12.19 10:57:23 ERROR > [0m[32m[D][0m   => C:\Users\assel\.sbt\boot\scala-2.12.16\lib\scala-xml_2.12.jar
2022.12.19 10:57:23 ERROR > [0m[32m[D][0m Cache miss for scala instance org.scala-lang:scala-compiler:2.12.16.
2022.12.19 10:57:23 ERROR > [0m[32m[D][0m   => C:\Users\assel\.sbt\boot\scala-2.12.16\lib\jline.jar
2022.12.19 10:57:23 ERROR > [0m[32m[D][0m   => C:\Users\assel\.sbt\boot\scala-2.12.16\lib\scala-compiler.jar
2022.12.19 10:57:23 ERROR > [0m[32m[D][0m   => C:\Users\assel\.sbt\boot\scala-2.12.16\lib\scala-library.jar
2022.12.19 10:57:23 ERROR > [0m[32m[D][0m   => C:\Users\assel\.sbt\boot\scala-2.12.16\lib\scala-reflect.jar
2022.12.19 10:57:23 ERROR > [0m[32m[D][0m   => C:\Users\assel\.sbt\boot\scala-2.12.16\lib\scala-xml_2.12.jar
2022.12.19 10:57:23 ERROR > [0m[32m[D][0m Elapsed: 1964.177 ms
2022.12.19 10:57:23 ERROR > [0m[31m[E][0m Failed to load project from c:\Users\vasarinocode\Desktop\PYTHON\ML\ML_MUSIC\.bloop\ml_music.json
2022.12.19 10:57:23 ERROR > [0m[36m[T][0m bloop.data.Project$ProjectReadException: Failed to load project from c:\Users\vasarinocode\Desktop\PYTHON\ML\ML_MUSIC\.bloop\ml_music.json
2022.12.19 10:57:23 ERROR > [0m[36m[T][0m 	bloop.data.Project$.fromBytesAndOrigin(Project.scala:295)
2022.12.19 10:57:23 ERROR > [0m[36m[T][0m 	bloop.engine.BuildLoader$.loadProject(BuildLoader.scala:248)
2022.12.19 10:57:23 ERROR > [0m[36m[T][0m 	bloop.engine.BuildLoader$.$anonfun$loadBuildIncrementally$3(BuildLoader.scala:59)
2022.12.19 10:57:23 ERROR > [0m[36m[T][0m 	monix.eval.internal.TaskRunLoop$.startFull(TaskRunLoop.scala:81)
2022.12.19 10:57:23 ERROR > [0m[36m[T][0m 	monix.eval.internal.TaskRestartCallback.syncOnSuccess(TaskRestartCallback.scala:101)
2022.12.19 10:57:23 ERROR > [0m[36m[T][0m 	monix.eval.internal.TaskRestartCallback.onSuccess(TaskRestartCallback.scala:74)
2022.12.19 10:57:23 ERROR > [0m[36m[T][0m 	monix.eval.internal.TaskShift$Register$$anon$1.run(TaskShift.scala:65)
2022.12.19 10:57:23 ERROR > [0m[36m[T][0m 	monix.execution.internal.InterceptRunnable.run(InterceptRunnable.scala:27)
2022.12.19 10:57:23 ERROR > [0m[36m[T][0m 	java.base/java.util.concurrent.ThreadPoolExecutor.runWorker(ThreadPoolExecutor.java:1128)
2022.12.19 10:57:23 ERROR > [0m[36m[T][0m 	java.base/java.util.concurrent.ThreadPoolExecutor$Worker.run(ThreadPoolExecutor.java:628)
2022.12.19 10:57:23 ERROR > [0m[36m[T][0m 	java.base/java.lang.Thread.run(Thread.java:829)
2022.12.19 10:57:23 ERROR > [0m[36m[T][0m Caused by: java.nio.file.NoSuchFileException: C:\Users\assel\.sbt\boot\scala-2.12.16\lib\scala-library.jar
2022.12.19 10:57:23 ERROR > [0m[36m[T][0m 	java.base/sun.nio.fs.WindowsException.translateToIOException(WindowsException.java:85)
2022.12.19 10:57:23 ERROR > [0m[36m[T][0m 	java.base/sun.nio.fs.WindowsException.rethrowAsIOException(WindowsException.java:103)
2022.12.19 10:57:23 ERROR > [0m[36m[T][0m 	java.base/sun.nio.fs.WindowsException.rethrowAsIOException(WindowsException.java:108)
2022.12.19 10:57:23 ERROR > [0m[36m[T][0m 	java.base/sun.nio.fs.WindowsFileAttributeViews$Basic.readAttributes(WindowsFileAttributeViews.java:53)
2022.12.19 10:57:23 ERROR > [0m[36m[T][0m 	java.base/sun.nio.fs.WindowsFileAttributeViews$Basic.readAttributes(WindowsFileAttributeViews.java:38)
2022.12.19 10:57:23 ERROR > [0m[36m[T][0m 	java.base/sun.nio.fs.WindowsFileSystemProvider.readAttributes(WindowsFileSystemProvider.java:198)
2022.12.19 10:57:23 ERROR > [0m[36m[T][0m 	java.base/java.nio.file.Files.readAttributes(Files.java:1764)
2022.12.19 10:57:23 ERROR > [0m[36m[T][0m 	bloop.ScalaInstance.$anonfun$hashCode$1(ScalaInstance.scala:111)
2022.12.19 10:57:23 ERROR > [0m[36m[T][0m 	scala.collection.TraversableLike.$anonfun$map$1(TraversableLike.scala:286)
2022.12.19 10:57:23 ERROR > [0m[36m[T][0m 	scala.collection.IndexedSeqOptimized.foreach(IndexedSeqOptimized.scala:36)
2022.12.19 10:57:23 ERROR > [0m[36m[T][0m 	scala.collection.IndexedSeqOptimized.foreach$(IndexedSeqOptimized.scala:33)
2022.12.19 10:57:23 ERROR > [0m[36m[T][0m 	scala.collection.mutable.WrappedArray.foreach(WrappedArray.scala:38)
2022.12.19 10:57:23 ERROR > [0m[36m[T][0m 	scala.collection.TraversableLike.map(TraversableLike.scala:286)
2022.12.19 10:57:23 ERROR > [0m[36m[T][0m 	scala.collection.TraversableLike.map$(TraversableLike.scala:279)
2022.12.19 10:57:23 ERROR > [0m[36m[T][0m 	scala.collection.AbstractTraversable.map(Traversable.scala:108)
2022.12.19 10:57:23 ERROR > [0m[36m[T][0m 	bloop.ScalaInstance.<init>(ScalaInstance.scala:107)
2022.12.19 10:57:23 ERROR > [0m[36m[T][0m 	bloop.ScalaInstance$.newInstance$1(ScalaInstance.scala:180)
2022.12.19 10:57:23 ERROR > [0m[36m[T][0m 	bloop.ScalaInstance$.$anonfun$apply$7(ScalaInstance.scala:185)
2022.12.19 10:57:23 ERROR > [0m[36m[T][0m 	java.base/java.util.concurrent.ConcurrentHashMap.computeIfAbsent(ConcurrentHashMap.java:1705)
2022.12.19 10:57:23 ERROR > [0m[36m[T][0m 	bloop.ScalaInstance$.apply(ScalaInstance.scala:185)
2022.12.19 10:57:23 ERROR > [0m[36m[T][0m 	bloop.data.Project$.$anonfun$fromConfig$1(Project.scala:311)
2022.12.19 10:57:23 ERROR > [0m[36m[T][0m 	scala.Option.flatMap(Option.scala:271)
2022.12.19 10:57:23 ERROR > [0m[36m[T][0m 	bloop.data.Project$.fromConfig(Project.scala:306)
2022.12.19 10:57:23 ERROR > [0m[36m[T][0m 	bloop.data.Project$.fromBytesAndOrigin(Project.scala:289)
2022.12.19 10:57:23 ERROR > [0m[36m[T][0m 	bloop.engine.BuildLoader$.loadProject(BuildLoader.scala:248)
2022.12.19 10:57:23 ERROR > [0m[36m[T][0m 	bloop.engine.BuildLoader$.$anonfun$loadBuildIncrementally$3(BuildLoader.scala:59)
2022.12.19 10:57:23 ERROR > [0m[36m[T][0m 	monix.eval.internal.TaskRunLoop$.startFull(TaskRunLoop.scala:81)
2022.12.19 10:57:23 ERROR > [0m[36m[T][0m 	monix.eval.internal.TaskRestartCallback.syncOnSuccess(TaskRestartCallback.scala:101)
2022.12.19 10:57:23 ERROR > [0m[36m[T][0m 	monix.eval.internal.TaskRestartCallback.onSuccess(TaskRestartCallback.scala:74)
2022.12.19 10:57:23 ERROR > [0m[36m[T][0m 	monix.eval.internal.TaskShift$Register$$anon$1.run(TaskShift.scala:65)
2022.12.19 10:57:23 ERROR > [0m[36m[T][0m 	monix.execution.internal.InterceptRunnable.run(InterceptRunnable.scala:27)
2022.12.19 10:57:23 ERROR > [0m[36m[T][0m 	java.base/java.util.concurrent.ThreadPoolExecutor.runWorker(ThreadPoolExecutor.java:1128)
2022.12.19 10:57:23 ERROR > [0m[36m[T][0m 	java.base/java.util.concurrent.ThreadPoolExecutor$Worker.run(ThreadPoolExecutor.java:628)
2022.12.19 10:57:23 ERROR > [0m[36m[T][0m 	java.base/java.lang.Thread.run(Thread.java:829)
2022.12.19 10:57:23 ERROR error: The launcher failed to establish a bsp connection, aborting...
2022.12.19 10:57:23 ERROR Failed to connect with build server, no functionality will work.java.lang.RuntimeException: The server did not start, got FailedToOpenBspConnection
	at bloop.launcher.LauncherMain.failPromise$1(Launcher.scala:92)
	at bloop.launcher.LauncherMain.runLauncher(Launcher.scala:119)
	at scala.meta.internal.metals.BloopServers$$anon$2.run(BloopServers.scala:496)
	at java.util.concurrent.Executors$RunnableAdapter.call(Executors.java:515)
	at java.util.concurrent.FutureTask.run(FutureTask.java:264)
	at java.util.concurrent.ThreadPoolExecutor.runWorker(ThreadPoolExecutor.java:1128)
	at java.util.concurrent.ThreadPoolExecutor$Worker.run(ThreadPoolExecutor.java:628)
	at java.lang.Thread.run(Thread.java:829)

2022.12.20 11:21:12 INFO  tracing is disabled for protocol LSP, to enable tracing of incoming and outgoing JSON messages create an empty file at c:\Users\vasarinocode\Desktop\PYTHON\ML\ML_MUSIC\.metals\lsp.trace.json or C:\Users\vasarinocode\AppData\Local\scalameta\metals\cache\lsp.trace.json
2022.12.20 11:21:14 INFO  logging to file C:\Users\vasarinocode\Desktop\PYTHON\ML\ML_MUSIC\.metals\metals.log
2022.12.20 11:21:14 INFO  Started: Metals version 0.11.9 in workspace 'C:\Users\vasarinocode\Desktop\PYTHON\ML\ML_MUSIC' for client Visual Studio Code 1.74.1.
2022.12.20 11:21:22 INFO  time: initialize in 8.34s
2022.12.20 11:21:27 INFO  Attempting to connect to the build server...
2022.12.20 11:21:27 INFO  Bloop uses C:\Users\vasarinocode\.jabba\jdk\adopt@1.11.0-11 defined at C:\Users\vasarinocode\.bloop\bloop.json
2022.12.20 11:21:48 ERROR Starting the bsp launcher for bloop...
2022.12.20 11:21:48 ERROR Opening a bsp server connection with 'bsp --protocol tcp --port 16537'...
2022.12.20 11:21:48 ERROR Waiting for the bsp connection to come up...
2022.12.20 11:21:48 ERROR Waiting for the bsp connection to come up...
2022.12.20 11:21:48 ERROR Waiting for the bsp connection to come up...
2022.12.20 11:21:48 ERROR Waiting for the bsp connection to come up...
2022.12.20 11:21:48 ERROR Waiting for the bsp connection to come up...
2022.12.20 11:21:48 ERROR Waiting for the bsp connection to come up...
2022.12.20 11:21:48 ERROR Waiting for the bsp connection to come up...
2022.12.20 11:21:48 ERROR Waiting for the bsp connection to come up...
2022.12.20 11:21:48 ERROR Waiting for the bsp connection to come up...
2022.12.20 11:21:48 ERROR Waiting for the bsp connection to come up...
2022.12.20 11:21:48 ERROR Waiting for the bsp connection to come up...
2022.12.20 11:21:48 ERROR Waiting for the bsp connection to come up...
2022.12.20 11:21:48 ERROR Waiting for the bsp connection to come up...
2022.12.20 11:21:48 ERROR error: The command bsp --protocol tcp --port 16537 returned with an error
2022.12.20 11:21:48 ERROR > No server running at 127.0.0.1:8212, let's fire one...
2022.12.20 11:21:48 ERROR > Resolving ch.epfl.scala:bloop-frontend_2.12:1.5.4...
2022.12.20 11:21:48 ERROR > Starting bloop server at 127.0.0.1:8212...
2022.12.20 11:21:48 ERROR > Attempting a connection to the server...
2022.12.20 11:21:48 ERROR > Attempting a connection to the server...
2022.12.20 11:21:48 ERROR > Attempting a connection to the server...
2022.12.20 11:21:48 ERROR > Attempting a connection to the server...
2022.12.20 11:21:48 ERROR > [0m[32m[D][0m Loading workspace settings from bloop.settings.json
2022.12.20 11:21:48 ERROR > [0m[32m[D][0m Loading 2 projects from 'c:\Users\vasarinocode\Desktop\PYTHON\ML\ML_MUSIC\.bloop'...
2022.12.20 11:21:48 ERROR > [0m[32m[D][0m Loading project from 'c:\Users\vasarinocode\Desktop\PYTHON\ML\ML_MUSIC\.bloop\ml_music-test.json'
2022.12.20 11:21:48 ERROR > [0m[32m[D][0m Loading project from 'c:\Users\vasarinocode\Desktop\PYTHON\ML\ML_MUSIC\.bloop\ml_music.json'
2022.12.20 11:21:48 ERROR > [0m[33m[W][0m Scala instance jar C:\Users\assel\.sbt\boot\scala-2.12.16\lib\scala-library.jar doesn't exist!
2022.12.20 11:21:48 ERROR > [0m[33m[W][0m Scala instance jar C:\Users\assel\.sbt\boot\scala-2.12.16\lib\scala-library.jar doesn't exist!
2022.12.20 11:21:48 ERROR > [0m[33m[W][0m Scala instance jar C:\Users\assel\.sbt\boot\scala-2.12.16\lib\jline.jar doesn't exist!
2022.12.20 11:21:48 ERROR > [0m[33m[W][0m Scala instance jar C:\Users\assel\.sbt\boot\scala-2.12.16\lib\jline.jar doesn't exist!
2022.12.20 11:21:48 ERROR > [0m[33m[W][0m Scala instance jar C:\Users\assel\.sbt\boot\scala-2.12.16\lib\scala-compiler.jar doesn't exist!
2022.12.20 11:21:48 ERROR > [0m[33m[W][0m Scala instance jar C:\Users\assel\.sbt\boot\scala-2.12.16\lib\scala-compiler.jar doesn't exist!
2022.12.20 11:21:48 ERROR > [0m[33m[W][0m Scala instance jar C:\Users\assel\.sbt\boot\scala-2.12.16\lib\scala-reflect.jar doesn't exist!
2022.12.20 11:21:48 ERROR > [0m[33m[W][0m Scala instance jar C:\Users\assel\.sbt\boot\scala-2.12.16\lib\scala-reflect.jar doesn't exist!
2022.12.20 11:21:48 ERROR > [0m[33m[W][0m Scala instance jar C:\Users\assel\.sbt\boot\scala-2.12.16\lib\scala-xml_2.12.jar doesn't exist!
2022.12.20 11:21:48 ERROR > [0m[33m[W][0m Scala instance jar C:\Users\assel\.sbt\boot\scala-2.12.16\lib\scala-xml_2.12.jar doesn't exist!
2022.12.20 11:21:48 ERROR > [0m[32m[D][0m Cache miss for scala instance org.scala-lang:scala-compiler:2.12.16.
2022.12.20 11:21:48 ERROR > [0m[32m[D][0m   => C:\Users\assel\.sbt\boot\scala-2.12.16\lib\jline.jar
2022.12.20 11:21:48 ERROR > [0m[32m[D][0m   => C:\Users\assel\.sbt\boot\scala-2.12.16\lib\scala-compiler.jar
2022.12.20 11:21:48 ERROR > [0m[32m[D][0m   => C:\Users\assel\.sbt\boot\scala-2.12.16\lib\scala-library.jar
2022.12.20 11:21:48 ERROR > [0m[32m[D][0m   => C:\Users\assel\.sbt\boot\scala-2.12.16\lib\scala-reflect.jar
2022.12.20 11:21:48 ERROR > [0m[32m[D][0m   => C:\Users\assel\.sbt\boot\scala-2.12.16\lib\scala-xml_2.12.jar
2022.12.20 11:21:48 ERROR > [0m[32m[D][0m Cache miss for scala instance org.scala-lang:scala-compiler:2.12.16.
2022.12.20 11:21:48 ERROR > [0m[32m[D][0m   => C:\Users\assel\.sbt\boot\scala-2.12.16\lib\jline.jar
2022.12.20 11:21:48 ERROR > [0m[32m[D][0m   => C:\Users\assel\.sbt\boot\scala-2.12.16\lib\scala-compiler.jar
2022.12.20 11:21:48 ERROR > [0m[32m[D][0m   => C:\Users\assel\.sbt\boot\scala-2.12.16\lib\scala-library.jar
2022.12.20 11:21:48 ERROR > [0m[32m[D][0m   => C:\Users\assel\.sbt\boot\scala-2.12.16\lib\scala-reflect.jar
2022.12.20 11:21:48 ERROR > [0m[32m[D][0m   => C:\Users\assel\.sbt\boot\scala-2.12.16\lib\scala-xml_2.12.jar
2022.12.20 11:21:48 ERROR > [0m[32m[D][0m Elapsed: 707.0699 ms
2022.12.20 11:21:48 ERROR > [0m[31m[E][0m Failed to load project from c:\Users\vasarinocode\Desktop\PYTHON\ML\ML_MUSIC\.bloop\ml_music-test.json
2022.12.20 11:21:48 ERROR > [0m[36m[T][0m bloop.data.Project$ProjectReadException: Failed to load project from c:\Users\vasarinocode\Desktop\PYTHON\ML\ML_MUSIC\.bloop\ml_music-test.json
2022.12.20 11:21:48 ERROR > [0m[36m[T][0m 	bloop.data.Project$.fromBytesAndOrigin(Project.scala:295)
2022.12.20 11:21:48 ERROR > [0m[36m[T][0m 	bloop.engine.BuildLoader$.loadProject(BuildLoader.scala:248)
2022.12.20 11:21:48 ERROR > [0m[36m[T][0m 	bloop.engine.BuildLoader$.$anonfun$loadBuildIncrementally$3(BuildLoader.scala:59)
2022.12.20 11:21:48 ERROR > [0m[36m[T][0m 	monix.eval.internal.TaskRunLoop$.startFull(TaskRunLoop.scala:81)
2022.12.20 11:21:48 ERROR > [0m[36m[T][0m 	monix.eval.internal.TaskRestartCallback.syncOnSuccess(TaskRestartCallback.scala:101)
2022.12.20 11:21:48 ERROR > [0m[36m[T][0m 	monix.eval.internal.TaskRestartCallback.onSuccess(TaskRestartCallback.scala:74)
2022.12.20 11:21:48 ERROR > [0m[36m[T][0m 	monix.eval.internal.TaskShift$Register$$anon$1.run(TaskShift.scala:65)
2022.12.20 11:21:48 ERROR > [0m[36m[T][0m 	monix.execution.internal.InterceptRunnable.run(InterceptRunnable.scala:27)
2022.12.20 11:21:48 ERROR > [0m[36m[T][0m 	java.base/java.util.concurrent.ThreadPoolExecutor.runWorker(ThreadPoolExecutor.java:1128)
2022.12.20 11:21:48 ERROR > [0m[36m[T][0m 	java.base/java.util.concurrent.ThreadPoolExecutor$Worker.run(ThreadPoolExecutor.java:628)
2022.12.20 11:21:48 ERROR > [0m[36m[T][0m 	java.base/java.lang.Thread.run(Thread.java:829)
2022.12.20 11:21:48 ERROR > [0m[36m[T][0m Caused by: java.nio.file.NoSuchFileException: C:\Users\assel\.sbt\boot\scala-2.12.16\lib\scala-library.jar
2022.12.20 11:21:48 ERROR > [0m[36m[T][0m 	java.base/sun.nio.fs.WindowsException.translateToIOException(WindowsException.java:85)
2022.12.20 11:21:48 ERROR > [0m[36m[T][0m 	java.base/sun.nio.fs.WindowsException.rethrowAsIOException(WindowsException.java:103)
2022.12.20 11:21:48 ERROR > [0m[36m[T][0m 	java.base/sun.nio.fs.WindowsException.rethrowAsIOException(WindowsException.java:108)
2022.12.20 11:21:48 ERROR > [0m[36m[T][0m 	java.base/sun.nio.fs.WindowsFileAttributeViews$Basic.readAttributes(WindowsFileAttributeViews.java:53)
2022.12.20 11:21:48 ERROR > [0m[36m[T][0m 	java.base/sun.nio.fs.WindowsFileAttributeViews$Basic.readAttributes(WindowsFileAttributeViews.java:38)
2022.12.20 11:21:48 ERROR > [0m[36m[T][0m 	java.base/sun.nio.fs.WindowsFileSystemProvider.readAttributes(WindowsFileSystemProvider.java:198)
2022.12.20 11:21:48 ERROR > [0m[36m[T][0m 	java.base/java.nio.file.Files.readAttributes(Files.java:1764)
2022.12.20 11:21:48 ERROR > [0m[36m[T][0m 	bloop.ScalaInstance.$anonfun$hashCode$1(ScalaInstance.scala:111)
2022.12.20 11:21:48 ERROR > [0m[36m[T][0m 	scala.collection.TraversableLike.$anonfun$map$1(TraversableLike.scala:286)
2022.12.20 11:21:48 ERROR > [0m[36m[T][0m 	scala.collection.IndexedSeqOptimized.foreach(IndexedSeqOptimized.scala:36)
2022.12.20 11:21:48 ERROR > [0m[36m[T][0m 	scala.collection.IndexedSeqOptimized.foreach$(IndexedSeqOptimized.scala:33)
2022.12.20 11:21:48 ERROR > [0m[36m[T][0m 	scala.collection.mutable.WrappedArray.foreach(WrappedArray.scala:38)
2022.12.20 11:21:48 ERROR > [0m[36m[T][0m 	scala.collection.TraversableLike.map(TraversableLike.scala:286)
2022.12.20 11:21:48 ERROR > [0m[36m[T][0m 	scala.collection.TraversableLike.map$(TraversableLike.scala:279)
2022.12.20 11:21:48 ERROR > [0m[36m[T][0m 	scala.collection.AbstractTraversable.map(Traversable.scala:108)
2022.12.20 11:21:48 ERROR > [0m[36m[T][0m 	bloop.ScalaInstance.<init>(ScalaInstance.scala:107)
2022.12.20 11:21:48 ERROR > [0m[36m[T][0m 	bloop.ScalaInstance$.newInstance$1(ScalaInstance.scala:180)
2022.12.20 11:21:48 ERROR > [0m[36m[T][0m 	bloop.ScalaInstance$.$anonfun$apply$7(ScalaInstance.scala:185)
2022.12.20 11:21:48 ERROR > [0m[36m[T][0m 	java.base/java.util.concurrent.ConcurrentHashMap.computeIfAbsent(ConcurrentHashMap.java:1705)
2022.12.20 11:21:48 ERROR > [0m[36m[T][0m 	bloop.ScalaInstance$.apply(ScalaInstance.scala:185)
2022.12.20 11:21:48 ERROR > [0m[36m[T][0m 	bloop.data.Project$.$anonfun$fromConfig$1(Project.scala:311)
2022.12.20 11:21:48 ERROR > [0m[36m[T][0m 	scala.Option.flatMap(Option.scala:271)
2022.12.20 11:21:48 ERROR > [0m[36m[T][0m 	bloop.data.Project$.fromConfig(Project.scala:306)
2022.12.20 11:21:48 ERROR > [0m[36m[T][0m 	bloop.data.Project$.fromBytesAndOrigin(Project.scala:289)
2022.12.20 11:21:48 ERROR > [0m[36m[T][0m 	bloop.engine.BuildLoader$.loadProject(BuildLoader.scala:248)
2022.12.20 11:21:48 ERROR > [0m[36m[T][0m 	bloop.engine.BuildLoader$.$anonfun$loadBuildIncrementally$3(BuildLoader.scala:59)
2022.12.20 11:21:48 ERROR > [0m[36m[T][0m 	monix.eval.internal.TaskRunLoop$.startFull(TaskRunLoop.scala:81)
2022.12.20 11:21:48 ERROR > [0m[36m[T][0m 	monix.eval.internal.TaskRestartCallback.syncOnSuccess(TaskRestartCallback.scala:101)
2022.12.20 11:21:48 ERROR > [0m[36m[T][0m 	monix.eval.internal.TaskRestartCallback.onSuccess(TaskRestartCallback.scala:74)
2022.12.20 11:21:48 ERROR > [0m[36m[T][0m 	monix.eval.internal.TaskShift$Register$$anon$1.run(TaskShift.scala:65)
2022.12.20 11:21:48 ERROR > [0m[36m[T][0m 	monix.execution.internal.InterceptRunnable.run(InterceptRunnable.scala:27)
2022.12.20 11:21:48 ERROR > [0m[36m[T][0m 	java.base/java.util.concurrent.ThreadPoolExecutor.runWorker(ThreadPoolExecutor.java:1128)
2022.12.20 11:21:48 ERROR > [0m[36m[T][0m 	java.base/java.util.concurrent.ThreadPoolExecutor$Worker.run(ThreadPoolExecutor.java:628)
2022.12.20 11:21:48 ERROR > [0m[36m[T][0m 	java.base/java.lang.Thread.run(Thread.java:829)
2022.12.20 11:21:48 ERROR error: The launcher failed to establish a bsp connection, aborting...
2022.12.20 11:21:48 ERROR Failed to connect with build server, no functionality will work.java.lang.RuntimeException: The server did not start, got FailedToOpenBspConnection
	at bloop.launcher.LauncherMain.failPromise$1(Launcher.scala:92)
	at bloop.launcher.LauncherMain.runLauncher(Launcher.scala:119)
	at scala.meta.internal.metals.BloopServers$$anon$2.run(BloopServers.scala:496)
	at java.util.concurrent.Executors$RunnableAdapter.call(Executors.java:515)
	at java.util.concurrent.FutureTask.run(FutureTask.java:264)
	at java.util.concurrent.ThreadPoolExecutor.runWorker(ThreadPoolExecutor.java:1128)
	at java.util.concurrent.ThreadPoolExecutor$Worker.run(ThreadPoolExecutor.java:628)
	at java.lang.Thread.run(Thread.java:829)

2022.12.21 15:46:50 INFO  shutting down Metals
2022.12.21 16:12:53 INFO  tracing is disabled for protocol LSP, to enable tracing of incoming and outgoing JSON messages create an empty file at c:\Users\vasarinocode\Desktop\PYTHON\ML\ML_MUSIC\.metals\lsp.trace.json or C:\Users\vasarinocode\AppData\Local\scalameta\metals\cache\lsp.trace.json
2022.12.21 16:12:57 INFO  logging to file C:\Users\vasarinocode\Desktop\PYTHON\ML\ML_MUSIC\.metals\metals.log
2022.12.21 16:12:57 INFO  Started: Metals version 0.11.9 in workspace 'C:\Users\vasarinocode\Desktop\PYTHON\ML\ML_MUSIC' for client Visual Studio Code 1.74.2.
2022.12.21 16:13:02 INFO  time: initialize in 4.83s
2022.12.21 16:13:06 INFO  Attempting to connect to the build server...
2022.12.21 16:13:06 INFO  Bloop uses C:\Users\vasarinocode\.jabba\jdk\adopt@1.11.0-11 defined at C:\Users\vasarinocode\.bloop\bloop.json
2022.12.21 16:13:23 ERROR Starting the bsp launcher for bloop...
2022.12.21 16:13:23 ERROR Opening a bsp server connection with 'bsp --protocol tcp --port 16714'...
2022.12.21 16:13:23 ERROR Waiting for the bsp connection to come up...
2022.12.21 16:13:23 ERROR Waiting for the bsp connection to come up...
2022.12.21 16:13:23 ERROR Waiting for the bsp connection to come up...
2022.12.21 16:13:23 ERROR Waiting for the bsp connection to come up...
2022.12.21 16:13:23 ERROR Waiting for the bsp connection to come up...
2022.12.21 16:13:23 ERROR Waiting for the bsp connection to come up...
2022.12.21 16:13:23 ERROR Waiting for the bsp connection to come up...
2022.12.21 16:13:23 ERROR Waiting for the bsp connection to come up...
2022.12.21 16:13:23 ERROR Waiting for the bsp connection to come up...
2022.12.21 16:13:23 ERROR Waiting for the bsp connection to come up...
2022.12.21 16:13:23 ERROR Waiting for the bsp connection to come up...
2022.12.21 16:13:23 ERROR error: The command bsp --protocol tcp --port 16714 returned with an error
2022.12.21 16:13:23 ERROR > No server running at 127.0.0.1:8212, let's fire one...
2022.12.21 16:13:23 ERROR > Resolving ch.epfl.scala:bloop-frontend_2.12:1.5.4...
2022.12.21 16:13:23 ERROR > Starting bloop server at 127.0.0.1:8212...
2022.12.21 16:13:23 ERROR > Attempting a connection to the server...
2022.12.21 16:13:23 ERROR > Attempting a connection to the server...
2022.12.21 16:13:23 ERROR > Attempting a connection to the server...
2022.12.21 16:13:23 ERROR > [0m[32m[D][0m Loading workspace settings from bloop.settings.json
2022.12.21 16:13:23 ERROR > [0m[32m[D][0m Loading 2 projects from 'c:\Users\vasarinocode\Desktop\PYTHON\ML\ML_MUSIC\.bloop'...
2022.12.21 16:13:23 ERROR > [0m[32m[D][0m Loading project from 'c:\Users\vasarinocode\Desktop\PYTHON\ML\ML_MUSIC\.bloop\ml_music.json'
2022.12.21 16:13:23 ERROR > [0m[32m[D][0m Loading project from 'c:\Users\vasarinocode\Desktop\PYTHON\ML\ML_MUSIC\.bloop\ml_music-test.json'
2022.12.21 16:13:23 ERROR > [0m[33m[W][0m Scala instance jar C:\Users\assel\.sbt\boot\scala-2.12.16\lib\scala-library.jar doesn't exist!
2022.12.21 16:13:23 ERROR > [0m[33m[W][0m Scala instance jar C:\Users\assel\.sbt\boot\scala-2.12.16\lib\scala-library.jar doesn't exist!
2022.12.21 16:13:23 ERROR > [0m[33m[W][0m Scala instance jar C:\Users\assel\.sbt\boot\scala-2.12.16\lib\jline.jar doesn't exist!
2022.12.21 16:13:23 ERROR > [0m[33m[W][0m Scala instance jar C:\Users\assel\.sbt\boot\scala-2.12.16\lib\jline.jar doesn't exist!
2022.12.21 16:13:23 ERROR > [0m[33m[W][0m Scala instance jar C:\Users\assel\.sbt\boot\scala-2.12.16\lib\scala-compiler.jar doesn't exist!
2022.12.21 16:13:23 ERROR > [0m[33m[W][0m Scala instance jar C:\Users\assel\.sbt\boot\scala-2.12.16\lib\scala-compiler.jar doesn't exist!
2022.12.21 16:13:23 ERROR > [0m[33m[W][0m Scala instance jar C:\Users\assel\.sbt\boot\scala-2.12.16\lib\scala-reflect.jar doesn't exist!
2022.12.21 16:13:23 ERROR > [0m[33m[W][0m Scala instance jar C:\Users\assel\.sbt\boot\scala-2.12.16\lib\scala-reflect.jar doesn't exist!
2022.12.21 16:13:23 ERROR > [0m[33m[W][0m Scala instance jar C:\Users\assel\.sbt\boot\scala-2.12.16\lib\scala-xml_2.12.jar doesn't exist!
2022.12.21 16:13:23 ERROR > [0m[33m[W][0m Scala instance jar C:\Users\assel\.sbt\boot\scala-2.12.16\lib\scala-xml_2.12.jar doesn't exist!
2022.12.21 16:13:23 ERROR > [0m[32m[D][0m Cache miss for scala instance org.scala-lang:scala-compiler:2.12.16.
2022.12.21 16:13:23 ERROR > [0m[32m[D][0m   => C:\Users\assel\.sbt\boot\scala-2.12.16\lib\jline.jar
2022.12.21 16:13:23 ERROR > [0m[32m[D][0m   => C:\Users\assel\.sbt\boot\scala-2.12.16\lib\scala-compiler.jar
2022.12.21 16:13:23 ERROR > [0m[32m[D][0m   => C:\Users\assel\.sbt\boot\scala-2.12.16\lib\scala-library.jar
2022.12.21 16:13:23 ERROR > [0m[32m[D][0m   => C:\Users\assel\.sbt\boot\scala-2.12.16\lib\scala-reflect.jar
2022.12.21 16:13:23 ERROR > [0m[32m[D][0m   => C:\Users\assel\.sbt\boot\scala-2.12.16\lib\scala-xml_2.12.jar
2022.12.21 16:13:23 ERROR > [0m[32m[D][0m Cache miss for scala instance org.scala-lang:scala-compiler:2.12.16.
2022.12.21 16:13:23 ERROR > [0m[32m[D][0m   => C:\Users\assel\.sbt\boot\scala-2.12.16\lib\jline.jar
2022.12.21 16:13:23 ERROR > [0m[32m[D][0m   => C:\Users\assel\.sbt\boot\scala-2.12.16\lib\scala-compiler.jar
2022.12.21 16:13:23 ERROR > [0m[32m[D][0m   => C:\Users\assel\.sbt\boot\scala-2.12.16\lib\scala-library.jar
2022.12.21 16:13:23 ERROR > [0m[32m[D][0m   => C:\Users\assel\.sbt\boot\scala-2.12.16\lib\scala-reflect.jar
2022.12.21 16:13:23 ERROR > [0m[32m[D][0m   => C:\Users\assel\.sbt\boot\scala-2.12.16\lib\scala-xml_2.12.jar
2022.12.21 16:13:23 ERROR > [0m[32m[D][0m Elapsed: 917.7116 ms
2022.12.21 16:13:23 ERROR > [0m[31m[E][0m Failed to load project from c:\Users\vasarinocode\Desktop\PYTHON\ML\ML_MUSIC\.bloop\ml_music-test.json
2022.12.21 16:13:23 ERROR > [0m[36m[T][0m bloop.data.Project$ProjectReadException: Failed to load project from c:\Users\vasarinocode\Desktop\PYTHON\ML\ML_MUSIC\.bloop\ml_music-test.json
2022.12.21 16:13:23 ERROR > [0m[36m[T][0m 	bloop.data.Project$.fromBytesAndOrigin(Project.scala:295)
2022.12.21 16:13:23 ERROR > [0m[36m[T][0m 	bloop.engine.BuildLoader$.loadProject(BuildLoader.scala:248)
2022.12.21 16:13:23 ERROR > [0m[36m[T][0m 	bloop.engine.BuildLoader$.$anonfun$loadBuildIncrementally$3(BuildLoader.scala:59)
2022.12.21 16:13:23 ERROR > [0m[36m[T][0m 	monix.eval.internal.TaskRunLoop$.startFull(TaskRunLoop.scala:81)
2022.12.21 16:13:23 ERROR > [0m[36m[T][0m 	monix.eval.internal.TaskRestartCallback.syncOnSuccess(TaskRestartCallback.scala:101)
2022.12.21 16:13:23 ERROR > [0m[36m[T][0m 	monix.eval.internal.TaskRestartCallback.onSuccess(TaskRestartCallback.scala:74)
2022.12.21 16:13:23 ERROR > [0m[36m[T][0m 	monix.eval.internal.TaskShift$Register$$anon$1.run(TaskShift.scala:65)
2022.12.21 16:13:23 ERROR > [0m[36m[T][0m 	monix.execution.internal.InterceptRunnable.run(InterceptRunnable.scala:27)
2022.12.21 16:13:23 ERROR > [0m[36m[T][0m 	java.base/java.util.concurrent.ThreadPoolExecutor.runWorker(ThreadPoolExecutor.java:1128)
2022.12.21 16:13:23 ERROR > [0m[36m[T][0m 	java.base/java.util.concurrent.ThreadPoolExecutor$Worker.run(ThreadPoolExecutor.java:628)
2022.12.21 16:13:23 ERROR > [0m[36m[T][0m 	java.base/java.lang.Thread.run(Thread.java:829)
2022.12.21 16:13:23 ERROR > [0m[36m[T][0m Caused by: java.nio.file.NoSuchFileException: C:\Users\assel\.sbt\boot\scala-2.12.16\lib\scala-library.jar
2022.12.21 16:13:23 ERROR > [0m[36m[T][0m 	java.base/sun.nio.fs.WindowsException.translateToIOException(WindowsException.java:85)
2022.12.21 16:13:23 ERROR > [0m[36m[T][0m 	java.base/sun.nio.fs.WindowsException.rethrowAsIOException(WindowsException.java:103)
2022.12.21 16:13:23 ERROR > [0m[36m[T][0m 	java.base/sun.nio.fs.WindowsException.rethrowAsIOException(WindowsException.java:108)
2022.12.21 16:13:23 ERROR > [0m[36m[T][0m 	java.base/sun.nio.fs.WindowsFileAttributeViews$Basic.readAttributes(WindowsFileAttributeViews.java:53)
2022.12.21 16:13:23 ERROR > [0m[36m[T][0m 	java.base/sun.nio.fs.WindowsFileAttributeViews$Basic.readAttributes(WindowsFileAttributeViews.java:38)
2022.12.21 16:13:23 ERROR > [0m[36m[T][0m 	java.base/sun.nio.fs.WindowsFileSystemProvider.readAttributes(WindowsFileSystemProvider.java:198)
2022.12.21 16:13:23 ERROR > [0m[36m[T][0m 	java.base/java.nio.file.Files.readAttributes(Files.java:1764)
2022.12.21 16:13:23 ERROR > [0m[36m[T][0m 	bloop.ScalaInstance.$anonfun$hashCode$1(ScalaInstance.scala:111)
2022.12.21 16:13:23 ERROR > [0m[36m[T][0m 	scala.collection.TraversableLike.$anonfun$map$1(TraversableLike.scala:286)
2022.12.21 16:13:23 ERROR > [0m[36m[T][0m 	scala.collection.IndexedSeqOptimized.foreach(IndexedSeqOptimized.scala:36)
2022.12.21 16:13:23 ERROR > [0m[36m[T][0m 	scala.collection.IndexedSeqOptimized.foreach$(IndexedSeqOptimized.scala:33)
2022.12.21 16:13:23 ERROR > [0m[36m[T][0m 	scala.collection.mutable.WrappedArray.foreach(WrappedArray.scala:38)
2022.12.21 16:13:23 ERROR > [0m[36m[T][0m 	scala.collection.TraversableLike.map(TraversableLike.scala:286)
2022.12.21 16:13:23 ERROR > [0m[36m[T][0m 	scala.collection.TraversableLike.map$(TraversableLike.scala:279)
2022.12.21 16:13:23 ERROR > [0m[36m[T][0m 	scala.collection.AbstractTraversable.map(Traversable.scala:108)
2022.12.21 16:13:23 ERROR > [0m[36m[T][0m 	bloop.ScalaInstance.<init>(ScalaInstance.scala:107)
2022.12.21 16:13:23 ERROR > [0m[36m[T][0m 	bloop.ScalaInstance$.newInstance$1(ScalaInstance.scala:180)
2022.12.21 16:13:23 ERROR > [0m[36m[T][0m 	bloop.ScalaInstance$.$anonfun$apply$7(ScalaInstance.scala:185)
2022.12.21 16:13:23 ERROR > [0m[36m[T][0m 	java.base/java.util.concurrent.ConcurrentHashMap.computeIfAbsent(ConcurrentHashMap.java:1705)
2022.12.21 16:13:23 ERROR > [0m[36m[T][0m 	bloop.ScalaInstance$.apply(ScalaInstance.scala:185)
2022.12.21 16:13:23 ERROR > [0m[36m[T][0m 	bloop.data.Project$.$anonfun$fromConfig$1(Project.scala:311)
2022.12.21 16:13:23 ERROR > [0m[36m[T][0m 	scala.Option.flatMap(Option.scala:271)
2022.12.21 16:13:23 ERROR > [0m[36m[T][0m 	bloop.data.Project$.fromConfig(Project.scala:306)
2022.12.21 16:13:23 ERROR > [0m[36m[T][0m 	bloop.data.Project$.fromBytesAndOrigin(Project.scala:289)
2022.12.21 16:13:23 ERROR > [0m[36m[T][0m 	bloop.engine.BuildLoader$.loadProject(BuildLoader.scala:248)
2022.12.21 16:13:23 ERROR > [0m[36m[T][0m 	bloop.engine.BuildLoader$.$anonfun$loadBuildIncrementally$3(BuildLoader.scala:59)
2022.12.21 16:13:23 ERROR > [0m[36m[T][0m 	monix.eval.internal.TaskRunLoop$.startFull(TaskRunLoop.scala:81)
2022.12.21 16:13:23 ERROR > [0m[36m[T][0m 	monix.eval.internal.TaskRestartCallback.syncOnSuccess(TaskRestartCallback.scala:101)
2022.12.21 16:13:23 ERROR > [0m[36m[T][0m 	monix.eval.internal.TaskRestartCallback.onSuccess(TaskRestartCallback.scala:74)
2022.12.21 16:13:23 ERROR > [0m[36m[T][0m 	monix.eval.internal.TaskShift$Register$$anon$1.run(TaskShift.scala:65)
2022.12.21 16:13:23 ERROR > [0m[36m[T][0m 	monix.execution.internal.InterceptRunnable.run(InterceptRunnable.scala:27)
2022.12.21 16:13:23 ERROR > [0m[36m[T][0m 	java.base/java.util.concurrent.ThreadPoolExecutor.runWorker(ThreadPoolExecutor.java:1128)
2022.12.21 16:13:23 ERROR > [0m[36m[T][0m 	java.base/java.util.concurrent.ThreadPoolExecutor$Worker.run(ThreadPoolExecutor.java:628)
2022.12.21 16:13:23 ERROR > [0m[36m[T][0m 	java.base/java.lang.Thread.run(Thread.java:829)
2022.12.21 16:13:23 ERROR error: The launcher failed to establish a bsp connection, aborting...
2022.12.21 16:13:23 ERROR Failed to connect with build server, no functionality will work.java.lang.RuntimeException: The server did not start, got FailedToOpenBspConnection
	at bloop.launcher.LauncherMain.failPromise$1(Launcher.scala:92)
	at bloop.launcher.LauncherMain.runLauncher(Launcher.scala:119)
	at scala.meta.internal.metals.BloopServers$$anon$2.run(BloopServers.scala:496)
	at java.util.concurrent.Executors$RunnableAdapter.call(Executors.java:515)
	at java.util.concurrent.FutureTask.run(FutureTask.java:264)
	at java.util.concurrent.ThreadPoolExecutor.runWorker(ThreadPoolExecutor.java:1128)
	at java.util.concurrent.ThreadPoolExecutor$Worker.run(ThreadPoolExecutor.java:628)
	at java.lang.Thread.run(Thread.java:829)

2022.12.21 16:13:52 INFO  shutting down Metals
2022.12.21 16:13:52 ERROR Unexpected error initializing serverorg.eclipse.lsp4j.jsonrpc.ResponseErrorException: Request window/showMessageRequest failed with message: Canceled
	at org.eclipse.lsp4j.jsonrpc.RemoteEndpoint.handleResponse(RemoteEndpoint.java:209)
	at org.eclipse.lsp4j.jsonrpc.RemoteEndpoint.consume(RemoteEndpoint.java:193)
	at org.eclipse.lsp4j.jsonrpc.json.StreamMessageProducer.handleMessage(StreamMessageProducer.java:194)
	at org.eclipse.lsp4j.jsonrpc.json.StreamMessageProducer.listen(StreamMessageProducer.java:94)
	at org.eclipse.lsp4j.jsonrpc.json.ConcurrentMessageProcessor.run(ConcurrentMessageProcessor.java:113)
	at java.util.concurrent.Executors$RunnableAdapter.call(Executors.java:515)
	at java.util.concurrent.FutureTask.run(FutureTask.java:264)
	at java.util.concurrent.ThreadPoolExecutor.runWorker(ThreadPoolExecutor.java:1128)
	at java.util.concurrent.ThreadPoolExecutor$Worker.run(ThreadPoolExecutor.java:628)
	at java.lang.Thread.run(Thread.java:829)

2022.12.22 10:38:05 INFO  tracing is disabled for protocol LSP, to enable tracing of incoming and outgoing JSON messages create an empty file at c:\Users\assel\DOCUMENTS\13-EPFL BA3\Introduction to ML\Projet\ML_MUSIC\.metals\lsp.trace.json or C:\Users\assel\AppData\Local\scalameta\metals\cache\lsp.trace.json
2022.12.22 10:38:06 INFO  logging to file C:\Users\assel\DOCUMENTS\13-EPFL BA3\Introduction to ML\Projet\ML_MUSIC\.metals\metals.log
